<?xml version="1.0" encoding="UTF-8"?>
<!-- Generated by org.testng.reporters.JUnitReportReporter -->
<testsuite hostname="PCIN474402" name="com.clearTrip.testCases.TC001_Booking" tests="1" failures="0" timestamp="10 Oct 2020 08:08:32 GMT" time="76.367" errors="0">
  <testcase name="searchFlight" time="76.367" classname="com.clearTrip.testCases.TC001_Booking"/>
</testsuite> <!-- com.clearTrip.testCases.TC001_Booking -->
